2026-05-23T21:31:57.336+03:00  INFO 25128 --- [theatre-ticketing-system] [main] .u.f.t.TheatreTicketingSystemApplication : Starting TheatreTicketingSystemApplication using Java 25 with PID 25128 (D:\Uni\Java Web\weeks\TheatreTicketingSystem\target\classes started by user in D:\Uni\Java Web\weeks\TheatreTicketingSystem)
2026-05-23T21:31:57.339+03:00  INFO 25128 --- [theatre-ticketing-system] [main] .u.f.t.TheatreTicketingSystemApplication : The following 1 profile is active: "dev"
2026-05-23T21:31:59.920+03:00  INFO 25128 --- [theatre-ticketing-system] [main] .u.f.t.TheatreTicketingSystemApplication : Started TheatreTicketingSystemApplication in 3.027 seconds (process running for 3.561)
2026-05-23T21:31:59.922+03:00  WARN 25128 --- [theatre-ticketing-system] [main] o.s.core.events.SpringDocAppInitializer  : SpringDoc /v3/api-docs endpoint is enabled by default. To disable it in production, set the property 'springdoc.api-docs.enabled=false'
2026-05-23T21:31:59.950+03:00  WARN 25128 --- [theatre-ticketing-system] [main] o.s.core.events.SpringDocAppInitializer  : SpringDoc /swagger-ui.html endpoint is enabled by default. To disable it in production, set the property 'springdoc.swagger-ui.enabled=false'
2026-05-23T21:32:46.116+03:00  INFO 21928 --- [theatre-ticketing-system] [main] .u.f.t.TheatreTicketingSystemApplication : Starting TheatreTicketingSystemApplication using Java 25 with PID 21928 (D:\Uni\Java Web\weeks\TheatreTicketingSystem\target\classes started by user in D:\Uni\Java Web\weeks\TheatreTicketingSystem)
2026-05-23T21:32:46.121+03:00  INFO 21928 --- [theatre-ticketing-system] [main] .u.f.t.TheatreTicketingSystemApplication : The following 1 profile is active: "dev"
2026-05-23T21:32:48.726+03:00  INFO 21928 --- [theatre-ticketing-system] [main] .u.f.t.TheatreTicketingSystemApplication : Started TheatreTicketingSystemApplication in 3.126 seconds (process running for 3.664)
2026-05-23T21:32:48.729+03:00  WARN 21928 --- [theatre-ticketing-system] [main] o.s.core.events.SpringDocAppInitializer  : SpringDoc /v3/api-docs endpoint is enabled by default. To disable it in production, set the property 'springdoc.api-docs.enabled=false'
2026-05-23T21:32:48.730+03:00  WARN 21928 --- [theatre-ticketing-system] [main] o.s.core.events.SpringDocAppInitializer  : SpringDoc /swagger-ui.html endpoint is enabled by default. To disable it in production, set the property 'springdoc.swagger-ui.enabled=false'
2026-05-23T21:37:25.414+03:00  INFO 13192 --- [theatre-ticketing-system] [main] .u.f.t.TheatreTicketingSystemApplication : Starting TheatreTicketingSystemApplication using Java 25 with PID 13192 (D:\Uni\Java Web\weeks\TheatreTicketingSystem\target\classes started by user in D:\Uni\Java Web\weeks\TheatreTicketingSystem)
2026-05-23T21:37:25.416+03:00  INFO 13192 --- [theatre-ticketing-system] [main] .u.f.t.TheatreTicketingSystemApplication : The following 1 profile is active: "dev"
2026-05-23T21:37:27.703+03:00  INFO 13192 --- [theatre-ticketing-system] [main] .u.f.t.TheatreTicketingSystemApplication : Started TheatreTicketingSystemApplication in 2.744 seconds (process running for 3.278)
2026-05-23T21:37:27.706+03:00  WARN 13192 --- [theatre-ticketing-system] [main] o.s.core.events.SpringDocAppInitializer  : SpringDoc /v3/api-docs endpoint is enabled by default. To disable it in production, set the property 'springdoc.api-docs.enabled=false'
2026-05-23T21:37:27.706+03:00  WARN 13192 --- [theatre-ticketing-system] [main] o.s.core.events.SpringDocAppInitializer  : SpringDoc /swagger-ui.html endpoint is enabled by default. To disable it in production, set the property 'springdoc.swagger-ui.enabled=false'
2026-05-23T21:44:11.769+03:00  INFO 22688 --- [theatre-ticketing-system] [main] .u.f.t.TheatreTicketingSystemApplication : Starting TheatreTicketingSystemApplication using Java 25 with PID 22688 (D:\Uni\Java Web\weeks\TheatreTicketingSystem\target\classes started by user in D:\Uni\Java Web\weeks\TheatreTicketingSystem)
2026-05-23T21:44:11.772+03:00  INFO 22688 --- [theatre-ticketing-system] [main] .u.f.t.TheatreTicketingSystemApplication : The following 1 profile is active: "dev"
2026-05-23T21:44:14.169+03:00  INFO 22688 --- [theatre-ticketing-system] [main] .u.f.t.TheatreTicketingSystemApplication : Started TheatreTicketingSystemApplication in 2.808 seconds (process running for 3.255)
2026-05-23T21:44:14.173+03:00  WARN 22688 --- [theatre-ticketing-system] [main] o.s.core.events.SpringDocAppInitializer  : SpringDoc /v3/api-docs endpoint is enabled by default. To disable it in production, set the property 'springdoc.api-docs.enabled=false'
2026-05-23T21:44:14.173+03:00  WARN 22688 --- [theatre-ticketing-system] [main] o.s.core.events.SpringDocAppInitializer  : SpringDoc /swagger-ui.html endpoint is enabled by default. To disable it in production, set the property 'springdoc.swagger-ui.enabled=false'
2026-05-23T22:29:01.138+03:00  INFO 18776 --- [theatre-ticketing-system] [main] .u.f.t.TheatreTicketingSystemApplication : Starting TheatreTicketingSystemApplication using Java 25 with PID 18776 (D:\Uni\Java Web\weeks\TheatreTicketingSystem\target\classes started by user in D:\Uni\Java Web\weeks\TheatreTicketingSystem)
2026-05-23T22:29:01.140+03:00  INFO 18776 --- [theatre-ticketing-system] [main] .u.f.t.TheatreTicketingSystemApplication : The following 1 profile is active: "dev"
2026-05-23T22:29:02.702+03:00  INFO 18776 --- [theatre-ticketing-system] [main] .u.f.t.TheatreTicketingSystemApplication : Started TheatreTicketingSystemApplication in 1.824 seconds (process running for 2.137)
2026-05-23T22:29:02.705+03:00  WARN 18776 --- [theatre-ticketing-system] [main] o.s.core.events.SpringDocAppInitializer  : SpringDoc /v3/api-docs endpoint is enabled by default. To disable it in production, set the property 'springdoc.api-docs.enabled=false'
2026-05-23T22:29:02.705+03:00  WARN 18776 --- [theatre-ticketing-system] [main] o.s.core.events.SpringDocAppInitializer  : SpringDoc /swagger-ui.html endpoint is enabled by default. To disable it in production, set the property 'springdoc.swagger-ui.enabled=false'
2026-05-23T22:29:37.462+03:00  INFO 18776 --- [theatre-ticketing-system] [http-nio-8080-exec-5] b.u.fmi.theatre.logger.SpringAppLogger   : Search found 1 shows matching criteria
2026-05-23T22:30:22.971+03:00  INFO 18776 --- [theatre-ticketing-system] [http-nio-8080-exec-8] b.u.fmi.theatre.logger.SpringAppLogger   : Search found 0 shows matching criteria
2026-05-23T22:31:38.244+03:00  INFO 18776 --- [theatre-ticketing-system] [http-nio-8080-exec-7] b.u.fmi.theatre.logger.SpringAppLogger   : Search found 0 shows matching criteria
2026-05-23T22:31:54.168+03:00  INFO 18776 --- [theatre-ticketing-system] [http-nio-8080-exec-10] b.u.fmi.theatre.logger.SpringAppLogger   : Search found 0 shows matching criteria
2026-05-23T22:32:11.733+03:00  INFO 18776 --- [theatre-ticketing-system] [http-nio-8080-exec-1] b.u.fmi.theatre.logger.SpringAppLogger   : Search found 1 shows matching criteria
2026-05-23T22:33:22.826+03:00  INFO 18776 --- [theatre-ticketing-system] [http-nio-8080-exec-2] b.u.fmi.theatre.logger.SpringAppLogger   : Search found 2 shows matching criteria
2026-05-23T22:46:37.315+03:00  INFO 27452 --- [theatre-ticketing-system] [main] .u.f.t.TheatreTicketingSystemApplication : Starting TheatreTicketingSystemApplication using Java 25 with PID 27452 (D:\Uni\Java Web\weeks\TheatreTicketingSystem\target\classes started by user in D:\Uni\Java Web\weeks\TheatreTicketingSystem)
2026-05-23T22:46:37.317+03:00  INFO 27452 --- [theatre-ticketing-system] [main] .u.f.t.TheatreTicketingSystemApplication : The following 1 profile is active: "dev"
2026-05-23T22:46:38.756+03:00  INFO 27452 --- [theatre-ticketing-system] [main] .u.f.t.TheatreTicketingSystemApplication : Started TheatreTicketingSystemApplication in 1.692 seconds (process running for 1.98)
2026-05-23T22:46:38.758+03:00  WARN 27452 --- [theatre-ticketing-system] [main] o.s.core.events.SpringDocAppInitializer  : SpringDoc /v3/api-docs endpoint is enabled by default. To disable it in production, set the property 'springdoc.api-docs.enabled=false'
2026-05-23T22:46:38.758+03:00  WARN 27452 --- [theatre-ticketing-system] [main] o.s.core.events.SpringDocAppInitializer  : SpringDoc /swagger-ui.html endpoint is enabled by default. To disable it in production, set the property 'springdoc.swagger-ui.enabled=false'
2026-05-23T22:48:08.316+03:00  INFO 20308 --- [theatre-ticketing-system] [main] .u.f.t.TheatreTicketingSystemApplication : Starting TheatreTicketingSystemApplication using Java 25 with PID 20308 (D:\Uni\Java Web\weeks\TheatreTicketingSystem\target\classes started by user in D:\Uni\Java Web\weeks\TheatreTicketingSystem)
2026-05-23T22:48:08.318+03:00  INFO 20308 --- [theatre-ticketing-system] [main] .u.f.t.TheatreTicketingSystemApplication : The following 1 profile is active: "dev"
2026-05-23T22:48:09.807+03:00  INFO 20308 --- [theatre-ticketing-system] [main] .u.f.t.TheatreTicketingSystemApplication : Started TheatreTicketingSystemApplication in 1.793 seconds (process running for 2.081)
2026-05-23T22:48:09.810+03:00  WARN 20308 --- [theatre-ticketing-system] [main] o.s.core.events.SpringDocAppInitializer  : SpringDoc /v3/api-docs endpoint is enabled by default. To disable it in production, set the property 'springdoc.api-docs.enabled=false'
2026-05-23T22:48:09.810+03:00  WARN 20308 --- [theatre-ticketing-system] [main] o.s.core.events.SpringDocAppInitializer  : SpringDoc /swagger-ui.html endpoint is enabled by default. To disable it in production, set the property 'springdoc.swagger-ui.enabled=false'
2026-05-23T23:05:37.950+03:00  INFO 14516 --- [theatre-ticketing-system] [main] .u.f.t.TheatreTicketingSystemApplication : Starting TheatreTicketingSystemApplication using Java 25 with PID 14516 (D:\Uni\Java Web\weeks\TheatreTicketingSystem\target\classes started by user in D:\Uni\Java Web\weeks\TheatreTicketingSystem)
2026-05-23T23:05:37.952+03:00  INFO 14516 --- [theatre-ticketing-system] [main] .u.f.t.TheatreTicketingSystemApplication : The following 1 profile is active: "dev"
2026-05-23T23:05:39.375+03:00  INFO 14516 --- [theatre-ticketing-system] [main] .u.f.t.TheatreTicketingSystemApplication : Started TheatreTicketingSystemApplication in 1.677 seconds (process running for 1.961)
2026-05-23T23:05:39.377+03:00  WARN 14516 --- [theatre-ticketing-system] [main] o.s.core.events.SpringDocAppInitializer  : SpringDoc /v3/api-docs endpoint is enabled by default. To disable it in production, set the property 'springdoc.api-docs.enabled=false'
2026-05-23T23:05:39.378+03:00  WARN 14516 --- [theatre-ticketing-system] [main] o.s.core.events.SpringDocAppInitializer  : SpringDoc /swagger-ui.html endpoint is enabled by default. To disable it in production, set the property 'springdoc.swagger-ui.enabled=false'
2026-05-23T23:07:16.686+03:00  INFO 26340 --- [theatre-ticketing-system] [main] .u.f.t.TheatreTicketingSystemApplication : Starting TheatreTicketingSystemApplication using Java 25 with PID 26340 (D:\Uni\Java Web\weeks\TheatreTicketingSystem\target\classes started by user in D:\Uni\Java Web\weeks\TheatreTicketingSystem)
2026-05-23T23:07:16.688+03:00  INFO 26340 --- [theatre-ticketing-system] [main] .u.f.t.TheatreTicketingSystemApplication : The following 1 profile is active: "dev"
2026-05-23T23:07:18.103+03:00  INFO 26340 --- [theatre-ticketing-system] [main] .u.f.t.TheatreTicketingSystemApplication : Started TheatreTicketingSystemApplication in 1.662 seconds (process running for 1.961)
2026-05-23T23:07:18.105+03:00  WARN 26340 --- [theatre-ticketing-system] [main] o.s.core.events.SpringDocAppInitializer  : SpringDoc /v3/api-docs endpoint is enabled by default. To disable it in production, set the property 'springdoc.api-docs.enabled=false'
2026-05-23T23:07:18.105+03:00  WARN 26340 --- [theatre-ticketing-system] [main] o.s.core.events.SpringDocAppInitializer  : SpringDoc /swagger-ui.html endpoint is enabled by default. To disable it in production, set the property 'springdoc.swagger-ui.enabled=false'
2026-05-23T23:13:16.659+03:00  INFO 18220 --- [theatre-ticketing-system] [main] .u.f.t.TheatreTicketingSystemApplication : Starting TheatreTicketingSystemApplication using Java 25 with PID 18220 (D:\Uni\Java Web\weeks\TheatreTicketingSystem\target\classes started by user in D:\Uni\Java Web\weeks\TheatreTicketingSystem)
2026-05-23T23:13:16.660+03:00  INFO 18220 --- [theatre-ticketing-system] [main] .u.f.t.TheatreTicketingSystemApplication : The following 1 profile is active: "dev"
2026-05-23T23:13:18.102+03:00  INFO 18220 --- [theatre-ticketing-system] [main] .u.f.t.TheatreTicketingSystemApplication : Started TheatreTicketingSystemApplication in 1.704 seconds (process running for 1.999)
2026-05-23T23:13:18.103+03:00  WARN 18220 --- [theatre-ticketing-system] [main] o.s.core.events.SpringDocAppInitializer  : SpringDoc /v3/api-docs endpoint is enabled by default. To disable it in production, set the property 'springdoc.api-docs.enabled=false'
2026-05-23T23:13:18.103+03:00  WARN 18220 --- [theatre-ticketing-system] [main] o.s.core.events.SpringDocAppInitializer  : SpringDoc /swagger-ui.html endpoint is enabled by default. To disable it in production, set the property 'springdoc.swagger-ui.enabled=false'
2026-05-23T23:14:48.288+03:00  INFO 18220 --- [theatre-ticketing-system] [http-nio-8080-exec-9] bg.uni.fmi.theatre.service.ShowService   : Search found 0 shows matching criteria
2026-05-23T23:14:59.262+03:00  INFO 18220 --- [theatre-ticketing-system] [http-nio-8080-exec-5] bg.uni.fmi.theatre.service.ShowService   : Search found 2 shows matching criteria
2026-05-23T23:15:12.382+03:00  INFO 18220 --- [theatre-ticketing-system] [http-nio-8080-exec-1] bg.uni.fmi.theatre.service.ShowService   : Search found 0 shows matching criteria
2026-05-23T23:15:18.494+03:00  INFO 18220 --- [theatre-ticketing-system] [http-nio-8080-exec-4] bg.uni.fmi.theatre.service.ShowService   : Search found 2 shows matching criteria
2026-05-23T23:16:20.931+03:00 ERROR 18220 --- [theatre-ticketing-system] [http-nio-8080-exec-2] bg.uni.fmi.theatre.service.ShowService   : Show not found with id: 10
2026-05-23T23:28:10.117+03:00  INFO 25360 --- [theatre-ticketing-system] [main] .u.f.t.TheatreTicketingSystemApplication : Starting TheatreTicketingSystemApplication using Java 25 with PID 25360 (D:\Uni\Java Web\weeks\TheatreTicketingSystem\target\classes started by user in D:\Uni\Java Web\weeks\TheatreTicketingSystem)
2026-05-23T23:28:10.119+03:00  INFO 25360 --- [theatre-ticketing-system] [main] .u.f.t.TheatreTicketingSystemApplication : The following 1 profile is active: "dev"
2026-05-23T23:28:11.499+03:00  INFO 25360 --- [theatre-ticketing-system] [main] .u.f.t.TheatreTicketingSystemApplication : Started TheatreTicketingSystemApplication in 1.641 seconds (process running for 1.937)
2026-05-23T23:28:11.501+03:00  WARN 25360 --- [theatre-ticketing-system] [main] o.s.core.events.SpringDocAppInitializer  : SpringDoc /v3/api-docs endpoint is enabled by default. To disable it in production, set the property 'springdoc.api-docs.enabled=false'
2026-05-23T23:28:11.501+03:00  WARN 25360 --- [theatre-ticketing-system] [main] o.s.core.events.SpringDocAppInitializer  : SpringDoc /swagger-ui.html endpoint is enabled by default. To disable it in production, set the property 'springdoc.swagger-ui.enabled=false'
2026-05-23T23:28:24.868+03:00 ERROR 25360 --- [theatre-ticketing-system] [http-nio-8080-exec-2] bg.uni.fmi.theatre.service.ShowService   : Show not found with id: 50
2026-05-23T23:30:41.867+03:00  INFO 9768 --- [theatre-ticketing-system] [main] .u.f.t.TheatreTicketingSystemApplication : Starting TheatreTicketingSystemApplication using Java 25 with PID 9768 (D:\Uni\Java Web\weeks\TheatreTicketingSystem\target\classes started by user in D:\Uni\Java Web\weeks\TheatreTicketingSystem)
2026-05-23T23:30:41.869+03:00  INFO 9768 --- [theatre-ticketing-system] [main] .u.f.t.TheatreTicketingSystemApplication : The following 1 profile is active: "dev"
2026-05-23T23:30:42.626+03:00  INFO 9768 --- [theatre-ticketing-system] [main] o.s.boot.tomcat.TomcatWebServer          : Tomcat initialized with port 8080 (http)
2026-05-23T23:30:42.634+03:00  INFO 9768 --- [theatre-ticketing-system] [main] o.apache.catalina.core.StandardService   : Starting service [Tomcat]
2026-05-23T23:30:42.635+03:00  INFO 9768 --- [theatre-ticketing-system] [main] o.apache.catalina.core.StandardEngine    : Starting Servlet engine: [Apache Tomcat/11.0.20]
2026-05-23T23:30:42.677+03:00  INFO 9768 --- [theatre-ticketing-system] [main] b.w.c.s.WebApplicationContextInitializer : Root WebApplicationContext: initialization completed in 781 ms
2026-05-23T23:30:43.293+03:00  INFO 9768 --- [theatre-ticketing-system] [main] o.s.boot.tomcat.TomcatWebServer          : Tomcat started on port 8080 (http) with context path '/'
2026-05-23T23:30:43.297+03:00  INFO 9768 --- [theatre-ticketing-system] [main] .u.f.t.TheatreTicketingSystemApplication : Started TheatreTicketingSystemApplication in 1.69 seconds (process running for 2.04)
2026-05-23T23:30:43.299+03:00  WARN 9768 --- [theatre-ticketing-system] [main] o.s.core.events.SpringDocAppInitializer  : SpringDoc /v3/api-docs endpoint is enabled by default. To disable it in production, set the property 'springdoc.api-docs.enabled=false'
2026-05-23T23:30:43.299+03:00  WARN 9768 --- [theatre-ticketing-system] [main] o.s.core.events.SpringDocAppInitializer  : SpringDoc /swagger-ui.html endpoint is enabled by default. To disable it in production, set the property 'springdoc.swagger-ui.enabled=false'
2026-05-23T23:30:47.922+03:00  INFO 9768 --- [theatre-ticketing-system] [http-nio-8080-exec-1] o.a.c.c.C.[Tomcat].[localhost].[/]       : Initializing Spring DispatcherServlet 'dispatcherServlet'
2026-05-23T23:30:47.923+03:00  INFO 9768 --- [theatre-ticketing-system] [http-nio-8080-exec-1] o.s.web.servlet.DispatcherServlet        : Initializing Servlet 'dispatcherServlet'
2026-05-23T23:30:47.925+03:00  INFO 9768 --- [theatre-ticketing-system] [http-nio-8080-exec-1] o.s.web.servlet.DispatcherServlet        : Completed initialization in 2 ms
2026-05-23T23:30:48.532+03:00  INFO 9768 --- [theatre-ticketing-system] [http-nio-8080-exec-5] o.springdoc.api.AbstractOpenApiResource  : Init duration for springdoc-openapi is: 492 ms
2026-05-23T23:30:52.529+03:00 ERROR 9768 --- [theatre-ticketing-system] [http-nio-8080-exec-6] bg.uni.fmi.theatre.service.ShowService   : Show not found with id: 45
2026-05-23T23:31:57.215+03:00  INFO 9768 --- [theatre-ticketing-system] [SpringApplicationShutdownHook] o.s.boot.tomcat.GracefulShutdown         : Commencing graceful shutdown. Waiting for active requests to complete
2026-05-23T23:31:57.220+03:00  INFO 9768 --- [theatre-ticketing-system] [tomcat-shutdown] o.s.boot.tomcat.GracefulShutdown         : Graceful shutdown complete
2026-05-23T23:39:51.955+03:00  INFO 18732 --- [theatre-ticketing-system] [main] .u.f.t.TheatreTicketingSystemApplication : Starting TheatreTicketingSystemApplication using Java 25 with PID 18732 (D:\Uni\Java Web\weeks\TheatreTicketingSystem\target\classes started by user in D:\Uni\Java Web\weeks\TheatreTicketingSystem)
2026-05-23T23:39:51.957+03:00  INFO 18732 --- [theatre-ticketing-system] [main] .u.f.t.TheatreTicketingSystemApplication : The following 1 profile is active: "dev"
2026-05-23T23:39:53.420+03:00  INFO 18732 --- [theatre-ticketing-system] [main] .u.f.t.TheatreTicketingSystemApplication : Started TheatreTicketingSystemApplication in 1.741 seconds (process running for 2.02)
2026-05-23T23:39:53.422+03:00  WARN 18732 --- [theatre-ticketing-system] [main] o.s.core.events.SpringDocAppInitializer  : SpringDoc /v3/api-docs endpoint is enabled by default. To disable it in production, set the property 'springdoc.api-docs.enabled=false'
2026-05-23T23:39:53.422+03:00  WARN 18732 --- [theatre-ticketing-system] [main] o.s.core.events.SpringDocAppInitializer  : SpringDoc /swagger-ui.html endpoint is enabled by default. To disable it in production, set the property 'springdoc.swagger-ui.enabled=false'
2026-05-23T23:39:53.958+03:00 ERROR 18732 --- [theatre-ticketing-system] [http-nio-8080-exec-1] bg.uni.fmi.theatre.service.ShowService   : Show not found with id: 6999
2026-05-23T23:39:55.067+03:00 ERROR 18732 --- [theatre-ticketing-system] [http-nio-8080-exec-9] bg.uni.fmi.theatre.service.ShowService   : Show not found with id: 6999
2026-05-23T23:40:04.545+03:00 ERROR 18732 --- [theatre-ticketing-system] [http-nio-8080-exec-7] bg.uni.fmi.theatre.service.ShowService   : Show not found with id: 55
2026-05-23T23:41:37.650+03:00  INFO 17224 --- [theatre-ticketing-system] [main] .u.f.t.TheatreTicketingSystemApplication : Starting TheatreTicketingSystemApplication using Java 25 with PID 17224 (D:\Uni\Java Web\weeks\TheatreTicketingSystem\target\classes started by user in D:\Uni\Java Web\weeks\TheatreTicketingSystem)
2026-05-23T23:41:37.652+03:00  INFO 17224 --- [theatre-ticketing-system] [main] .u.f.t.TheatreTicketingSystemApplication : The following 1 profile is active: "dev"
2026-05-23T23:41:39.042+03:00  INFO 17224 --- [theatre-ticketing-system] [main] .u.f.t.TheatreTicketingSystemApplication : Started TheatreTicketingSystemApplication in 1.666 seconds (process running for 1.954)
2026-05-23T23:41:39.044+03:00  WARN 17224 --- [theatre-ticketing-system] [main] o.s.core.events.SpringDocAppInitializer  : SpringDoc /v3/api-docs endpoint is enabled by default. To disable it in production, set the property 'springdoc.api-docs.enabled=false'
2026-05-23T23:41:39.044+03:00  WARN 17224 --- [theatre-ticketing-system] [main] o.s.core.events.SpringDocAppInitializer  : SpringDoc /swagger-ui.html endpoint is enabled by default. To disable it in production, set the property 'springdoc.swagger-ui.enabled=false'
2026-05-23T23:41:41.077+03:00 ERROR 17224 --- [theatre-ticketing-system] [http-nio-8080-exec-2] bg.uni.fmi.theatre.service.ShowService   : Show not found with id: 55
2026-05-23T23:41:42.298+03:00 ERROR 17224 --- [theatre-ticketing-system] [http-nio-8080-exec-8] bg.uni.fmi.theatre.service.ShowService   : Show not found with id: 55
2026-05-23T23:41:53.390+03:00 ERROR 17224 --- [theatre-ticketing-system] [http-nio-8080-exec-5] bg.uni.fmi.theatre.service.ShowService   : Show not found with id: 69
2026-05-23T23:42:43.058+03:00  INFO 7332 --- [theatre-ticketing-system] [main] .u.f.t.TheatreTicketingSystemApplication : Starting TheatreTicketingSystemApplication using Java 25 with PID 7332 (D:\Uni\Java Web\weeks\TheatreTicketingSystem\target\classes started by user in D:\Uni\Java Web\weeks\TheatreTicketingSystem)
2026-05-23T23:42:43.060+03:00  INFO 7332 --- [theatre-ticketing-system] [main] .u.f.t.TheatreTicketingSystemApplication : The following 1 profile is active: "dev"
2026-05-23T23:42:44.544+03:00  INFO 7332 --- [theatre-ticketing-system] [main] .u.f.t.TheatreTicketingSystemApplication : Started TheatreTicketingSystemApplication in 1.752 seconds (process running for 2.051)
2026-05-23T23:42:44.545+03:00  WARN 7332 --- [theatre-ticketing-system] [main] o.s.core.events.SpringDocAppInitializer  : SpringDoc /v3/api-docs endpoint is enabled by default. To disable it in production, set the property 'springdoc.api-docs.enabled=false'
2026-05-23T23:42:44.545+03:00  WARN 7332 --- [theatre-ticketing-system] [main] o.s.core.events.SpringDocAppInitializer  : SpringDoc /swagger-ui.html endpoint is enabled by default. To disable it in production, set the property 'springdoc.swagger-ui.enabled=false'
2026-05-23T23:42:51.204+03:00 ERROR 7332 --- [theatre-ticketing-system] [http-nio-8080-exec-6] bg.uni.fmi.theatre.service.ShowService   : Show not found with id: 75
